0 info it worked if it ends with ok
1 verbose cli [ 'E:\\极客学院\\node.exe',
1 verbose cli   'E:\\极客学院\\node_modules\\npm\\bin\\npm-cli.js',
1 verbose cli   'install',
1 verbose cli   '-g',
1 verbose cli   'n' ]
2 info using npm@3.3.12
3 info using node@v5.3.0
4 silly loadCurrentTree Starting
5 silly install loadCurrentTree
6 silly install readGlobalPackageData
7 silly fetchPackageMetaData n
8 silly fetchNamedPackageData n
9 silly mapToRegistry name n
10 silly mapToRegistry using default registry
11 silly mapToRegistry registry http://registry.npmjs.org/
12 silly mapToRegistry uri http://registry.npmjs.org/n
13 verbose request uri http://registry.npmjs.org/n
14 verbose request no auth needed
15 info attempt registry request try #1 at 20:19:12
16 verbose request id 03123e5f8e363f3c
17 http request GET http://registry.npmjs.org/n
18 http 200 http://registry.npmjs.org/n
19 verbose headers { server: 'CouchDB/1.5.0 (Erlang OTP/R16B03)',
19 verbose headers   etag: '"3QU7WV1HLTASHQDOB0B5J5TDN"',
19 verbose headers   'content-type': 'application/json',
19 verbose headers   'cache-control': 'max-age=300',
19 verbose headers   'content-length': '55807',
19 verbose headers   'accept-ranges': 'bytes',
19 verbose headers   date: 'Sat, 30 Jan 2016 12:19:11 GMT',
19 verbose headers   via: '1.1 varnish',
19 verbose headers   age: '0',
19 verbose headers   connection: 'keep-alive',
19 verbose headers   'x-served-by': 'cache-hkg6823-HKG',
19 verbose headers   'x-cache': 'HIT',
19 verbose headers   'x-cache-hits': '1',
19 verbose headers   'x-timer': 'S1454156350.540620,VS0,VE887',
19 verbose headers   vary: 'Accept' }
20 silly get cb [ 200,
20 silly get   { server: 'CouchDB/1.5.0 (Erlang OTP/R16B03)',
20 silly get     etag: '"3QU7WV1HLTASHQDOB0B5J5TDN"',
20 silly get     'content-type': 'application/json',
20 silly get     'cache-control': 'max-age=300',
20 silly get     'content-length': '55807',
20 silly get     'accept-ranges': 'bytes',
20 silly get     date: 'Sat, 30 Jan 2016 12:19:11 GMT',
20 silly get     via: '1.1 varnish',
20 silly get     age: '0',
20 silly get     connection: 'keep-alive',
20 silly get     'x-served-by': 'cache-hkg6823-HKG',
20 silly get     'x-cache': 'HIT',
20 silly get     'x-cache-hits': '1',
20 silly get     'x-timer': 'S1454156350.540620,VS0,VE887',
20 silly get     vary: 'Accept' } ]
21 verbose get saving n to C:\Users\jiaxiang\AppData\Roaming\npm-cache\registry.npmjs.org\n\.cache.json
22 silly install normalizeTree
23 silly loadCurrentTree Finishing
24 silly loadIdealTree Starting
25 silly install loadIdealTree
26 silly cloneCurrentTree Starting
27 silly install cloneCurrentTreeToIdealTree
28 silly cloneCurrentTree Finishing
29 silly loadShrinkwrap Starting
30 silly install loadShrinkwrap
31 silly loadShrinkwrap Finishing
32 silly loadAllDepsIntoIdealTree Starting
33 silly install loadAllDepsIntoIdealTree
34 silly rollbackFailedOptional Starting
35 silly rollbackFailedOptional Finishing
36 silly runTopLevelLifecycles Starting
37 silly runTopLevelLifecycles Finishing
38 silly install printInstalled
39 verbose stack Error: Unsupported
39 verbose stack     at checkPlatform (E:\极客学院\node_modules\npm\node_modules\npm-install-checks\index.js:46:14)
39 verbose stack     at Array.<anonymous> (E:\极客学院\node_modules\npm\node_modules\slide\lib\bind-actor.js:15:8)
39 verbose stack     at LOOP (E:\极客学院\node_modules\npm\node_modules\slide\lib\chain.js:15:14)
39 verbose stack     at E:\极客学院\node_modules\npm\node_modules\slide\lib\chain.js:18:7
39 verbose stack     at checkEngine (E:\极客学院\node_modules\npm\node_modules\npm-install-checks\index.js:25:10)
39 verbose stack     at Array.<anonymous> (E:\极客学院\node_modules\npm\node_modules\slide\lib\bind-actor.js:15:8)
39 verbose stack     at LOOP (E:\极客学院\node_modules\npm\node_modules\slide\lib\chain.js:15:14)
39 verbose stack     at chain (E:\极客学院\node_modules\npm\node_modules\slide\lib\chain.js:20:5)
39 verbose stack     at module.exports.isInstallable (E:\极客学院\node_modules\npm\lib\install\validate-args.js:26:3)
39 verbose stack     at Array.<anonymous> (E:\极客学院\node_modules\npm\node_modules\slide\lib\bind-actor.js:15:8)
40 verbose pkgid n@2.1.0
41 verbose cwd E:\极客学院\第十周\FIS\demo-simple
42 error Windows_NT 6.3.9600
43 error argv "E:\\极客学院\\node.exe" "E:\\极客学院\\node_modules\\npm\\bin\\npm-cli.js" "install" "-g" "n"
44 error node v5.3.0
45 error npm  v3.3.12
46 error code EBADPLATFORM
47 error notsup Unsupported
47 error notsup Not compatible with your operating system or architecture: n@2.1.0
47 error notsup Valid OS:    !win32
47 error notsup Valid Arch:  any
47 error notsup Actual OS:   win32
47 error notsup Actual Arch: x64
48 verbose exit [ 1, true ]
