0 info it worked if it ends with ok
1 verbose cli [ 'E:\\极客学院\\node.exe',
1 verbose cli   'E:\\极客学院\\node_modules\\npm\\bin\\npm-cli.js',
1 verbose cli   'start' ]
2 info using npm@3.3.12
3 info using node@v5.3.0
4 verbose stack Error: missing script: start
4 verbose stack     at run (E:\极客学院\node_modules\npm\lib\run-script.js:147:19)
4 verbose stack     at E:\极客学院\node_modules\npm\lib\run-script.js:57:5
4 verbose stack     at E:\极客学院\node_modules\npm\node_modules\read-package-json\read-json.js:345:5
4 verbose stack     at checkBinReferences_ (E:\极客学院\node_modules\npm\node_modules\read-package-json\read-json.js:309:45)
4 verbose stack     at final (E:\极客学院\node_modules\npm\node_modules\read-package-json\read-json.js:343:3)
4 verbose stack     at then (E:\极客学院\node_modules\npm\node_modules\read-package-json\read-json.js:113:5)
4 verbose stack     at ReadFileContext.<anonymous> (E:\极客学院\node_modules\npm\node_modules\read-package-json\read-json.js:284:20)
4 verbose stack     at ReadFileContext.callback (E:\极客学院\node_modules\npm\node_modules\graceful-fs\graceful-fs.js:76:16)
4 verbose stack     at FSReqWrap.readFileAfterOpen [as oncomplete] (fs.js:324:13)
5 verbose cwd E:\极客学院\第九周\作业\express
6 error Windows_NT 6.3.9600
7 error argv "E:\\极客学院\\node.exe" "E:\\极客学院\\node_modules\\npm\\bin\\npm-cli.js" "start"
8 error node v5.3.0
9 error npm  v3.3.12
10 error missing script: start
11 error If you need help, you may report this error at:
11 error     <https://github.com/npm/npm/issues>
12 verbose exit [ 1, true ]
